Log file open, 12/23/17 11:41:20
LogWindows: Failed to load 'aqProf.dll' (GetLastError=126)
LogWindows: File 'aqProf.dll' does not exist
LogWindows: Failed to load 'VtuneApi.dll' (GetLastError=126)
LogWindows: File 'VtuneApi.dll' does not exist
LogWindows: Failed to load 'VtuneApi32e.dll' (GetLastError=126)
LogWindows: File 'VtuneApi32e.dll' does not exist
LogInit: Display: Running engine for game: HyperFighters2
LogPlatformFile: Not using cached read wrapper
LogInit: Display: RandInit(-1679408998) SRandInit(-1679408998).
LogTaskGraph: Started task graph with 5 named threads and 14 total threads with 3 sets of task threads.
LogStats: Stats thread started at 0.186549
LogD3D11RHI: Aftermath initialized
LogPluginManager: Mounting plugin Paper2D
LogPluginManager: Mounting plugin LightPropagationVolume
LogPluginManager: Mounting plugin CodeLiteSourceCodeAccess
LogPluginManager: Mounting plugin GitSourceControl
LogPluginManager: Mounting plugin KDevelopSourceCodeAccess
LogPluginManager: Mounting plugin NullSourceCodeAccess
LogPluginManager: Mounting plugin PerforceSourceControl
LogPluginManager: Mounting plugin SubversionSourceControl
LogPluginManager: Mounting plugin UObjectPlugin
LogPluginManager: Mounting plugin VisualStudioSourceCodeAccess
LogPluginManager: Mounting plugin XCodeSourceCodeAccess
LogPluginManager: Mounting plugin AssetManagerEditor
LogPluginManager: Mounting plugin AudioCapture
LogPluginManager: Mounting plugin FacialAnimation
LogPluginManager: Mounting plugin GameplayTagsEditor
LogPluginManager: Mounting plugin MobileLauncherProfileWizard
LogPluginManager: Mounting plugin PluginBrowser
LogPluginManager: Mounting plugin SpeedTreeImporter
LogPluginManager: Mounting plugin AlembicImporter
LogPluginManager: Mounting plugin CharacterAI
LogPluginManager: Mounting plugin HTML5Networking
LogPluginManager: Mounting plugin AndroidMedia
LogPluginManager: Mounting plugin AvfMedia
LogPluginManager: Mounting plugin MediaPlayerEditor
LogPluginManager: Mounting plugin WmfMedia
LogPluginManager: Mounting plugin TcpMessaging
LogPluginManager: Mounting plugin UdpMessaging
LogPluginManager: Mounting plugin LevelSequenceEditor
LogPluginManager: Mounting plugin MatineeToLevelSequence
LogPluginManager: Mounting plugin OnlineSubsystemGooglePlay
LogPluginManager: Mounting plugin OnlineSubsystemIOS
LogPluginManager: Mounting plugin OnlineSubsystem
LogPluginManager: Mounting plugin OnlineSubsystemNull
LogPluginManager: Mounting plugin OnlineSubsystemUtils
LogPluginManager: Mounting plugin AndroidDeviceProfileSelector
LogPluginManager: Mounting plugin AndroidMoviePlayer
LogPluginManager: Mounting plugin AndroidPermission
LogPluginManager: Mounting plugin AppleMoviePlayer
LogPluginManager: Mounting plugin ArchVisCharacter
LogPluginManager: Mounting plugin CableComponent
LogPluginManager: Mounting plugin CustomMeshComponent
LogPluginManager: Mounting plugin ExampleDeviceProfileSelector
LogPluginManager: Mounting plugin GoogleCloudMessaging
LogPluginManager: Mounting plugin ImmediatePhysics
LogPluginManager: Mounting plugin IOSDeviceProfileSelector
LogPluginManager: Mounting plugin LinuxDeviceProfileSelector
LogPluginManager: Mounting plugin LocationServicesBPLibrary
LogPluginManager: Mounting plugin MobilePatchingUtils
LogPluginManager: Mounting plugin OculusVR
LogPluginManager: Mounting plugin PhysXVehicles
LogPluginManager: Mounting plugin ProceduralMeshComponent
LogPluginManager: Mounting plugin RuntimePhysXCooking
LogPluginManager: Mounting plugin SteamVR
LogPluginManager: Mounting plugin WindowsMoviePlayer
LogInit: Using libcurl 7.47.1
LogInit:  - built for x86_64-pc-win32
LogInit:  - supports SSL with OpenSSL/1.0.2g
LogInit:  - supports HTTP deflate (compression) using libz 1.2.8
LogInit:  - other features:
LogInit:      CURL_VERSION_SSL
LogInit:      CURL_VERSION_LIBZ
LogInit:      CURL_VERSION_IPV6
LogInit:      CURL_VERSION_ASYNCHDNS
LogInit:      CURL_VERSION_LARGEFILE
LogInit:      CURL_VERSION_IDN
LogInit:  CurlRequestOptions (configurable via config and command line):
LogInit:  - bVerifyPeer = false  - Libcurl will NOT verify peer certificate
LogInit:  - bUseHttpProxy = false  - Libcurl will NOT use HTTP proxy
LogInit:  - bDontReuseConnections = false  - Libcurl will reuse connections
LogInit:  - CertBundlePath = nullptr  - Libcurl will use whatever was configured at build time.
LogInit: Build: ++UE4+Release-4.17-CL-3658906
LogInit: Engine Version: 4.17.2-3658906+++UE4+Release-4.17
LogInit: Compatible Engine Version: 4.17.0-3573198+++UE4+Release-4.17
LogInit: Net CL: 3573198
LogDevObjectVersion: Number of dev versions registered: 16
LogDevObjectVersion:   Dev-Blueprints (B0D832E4-1F89-4F0D-ACCF-7EB736FD4AA2): 10
LogDevObjectVersion:   Dev-Build (E1C64328-A22C-4D53-A36C-8E866417BD8C): 0
LogDevObjectVersion:   Dev-Core (375EC13C-06E4-48FB-B500-84F0262A717E): 2
LogDevObjectVersion:   Dev-Editor (E4B068ED-F494-42E9-A231-DA0B2E46BB41): 20
LogDevObjectVersion:   Dev-Framework (CFFC743F-43B0-4480-9391-14DF171D2073): 28
LogDevObjectVersion:   Dev-Mobile (B02B49B5-BB20-44E9-A304-32B752E40360): 0
LogDevObjectVersion:   Dev-Networking (A4E4105C-59A1-49B5-A7C5-40C4547EDFEE): 0
LogDevObjectVersion:   Dev-Online (39C831C9-5AE6-47DC-9A44-9C173E1C8E7C): 0
LogDevObjectVersion:   Dev-Physics (78F01B33-EBEA-4F98-B9B4-84EACCB95AA2): 0
LogDevObjectVersion:   Dev-Platform (6631380F-2D4D-43E0-8009-CF276956A95A): 0
LogDevObjectVersion:   Dev-Rendering (12F88B9F-8875-4AFC-A67C-D90C383ABD29): 19
LogDevObjectVersion:   Dev-Sequencer (7B5AE74C-D270-4C10-A958-57980B212A5A): 4
LogDevObjectVersion:   Dev-VR (D7296918-1DD6-4BDD-9DE2-64A83CC13884): 0
LogDevObjectVersion:   Dev-LoadTimes (C2A15278-BFE7-4AFE-6C17-90FF531DF755): 1
LogDevObjectVersion:   Private-Geometry (6EACA3D4-40EC-4CC1-B786-8BED09428FC5): 1
LogDevObjectVersion:   Dev-AnimPhys (29E575DD-E0A3-4627-9D10-D276232CDCEA): 7
LogInit: Compiled (64-bit): Sep 22 2017 13:47:16
LogInit: Compiled with Visual C++: 19.00.24215.01
LogInit: Build Configuration: Development
LogInit: Branch Name: ++UE4+Release-4.17
LogInit: Command line: 
LogInit: Base directory: C:/Program Files/Epic Games/UE_4.17/Engine/Binaries/Win64/
LogInit: Installed Engine Build: 1
LogInit: Presizing for max 8388607 objects, including 0 objects not considered by GC, pre-allocating 0 bytes for permanent pool.
LogInit: Object subsystem initialized
[2017.12.23-11.41.23:974][  0]LogInit: Selected Device Profile: [Windows]
[2017.12.23-11.41.23:974][  0]LogInit: Applying CVar settings loaded from the selected device profile: [Windows]
[2017.12.23-11.41.23:995][  0]LogInit: Computer: MARCUSPC
[2017.12.23-11.41.23:995][  0]LogInit: User: Marcus
[2017.12.23-11.41.23:995][  0]LogInit: CPU Page size=4096, Cores=4
[2017.12.23-11.41.23:995][  0]LogInit: High frequency timer resolution =2.929687 MHz
[2017.12.23-11.41.23:995][  0]LogMemory: Memory total: Physical=16.0GB (16GB approx)
[2017.12.23-11.41.23:995][  0]LogMemory: Platform Memory Stats for Windows
[2017.12.23-11.41.23:995][  0]LogMemory: Process Physical Memory: 279.69 MB used, 279.69 MB peak
[2017.12.23-11.41.23:995][  0]LogMemory: Process Virtual Memory: 282.22 MB used, 282.22 MB peak
[2017.12.23-11.41.23:995][  0]LogMemory: Physical Memory: 4811.11 MB used,  11525.32 MB free, 16336.43 MB total
[2017.12.23-11.41.23:995][  0]LogMemory: Virtual Memory: 714.33 MB used,  11525.32 MB free, 134217728.00 MB total
[2017.12.23-11.41.24:677][  0]LogInit: Using OS detected language (en-US).
[2017.12.23-11.41.24:677][  0]LogInit: Using OS detected locale (en-GB).
[2017.12.23-11.41.24:683][  0]LogTextLocalizationManager: No specific localization for 'en-US' exists, so the 'en' localization will be used.
[2017.12.23-11.41.25:649][  0]LogD3D11RHI: D3D11 adapters:
[2017.12.23-11.41.25:698][  0]LogD3D11RHI:    0. 'NVIDIA GeForce GTX 1050' (Feature Level 11_0)
[2017.12.23-11.41.25:698][  0]LogD3D11RHI:       1987/0/8168 MB DedicatedVideo/DedicatedSystem/SharedSystem, Outputs:2, VendorId:0x10de
[2017.12.23-11.41.25:701][  0]LogD3D11RHI:    1. 'Microsoft Basic Render Driver' (Feature Level 11_0)
[2017.12.23-11.41.25:701][  0]LogD3D11RHI:       0/0/8168 MB DedicatedVideo/DedicatedSystem/SharedSystem, Outputs:0, VendorId:0x1414
[2017.12.23-11.41.25:701][  0]LogD3D11RHI: Chosen D3D11 Adapter: 0
[2017.12.23-11.41.25:705][  0]LogD3D11RHI: Creating new Direct3DDevice
[2017.12.23-11.41.25:705][  0]LogD3D11RHI:     GPU DeviceId: 0x1c81 (for the marketing name, search the web for "GPU Device Id")
[2017.12.23-11.41.25:705][  0]LogWindows: EnumDisplayDevices:
[2017.12.23-11.41.25:705][  0]LogWindows:    0. 'NVIDIA GeForce GTX 1050' (P:1 D:1)
[2017.12.23-11.41.25:706][  0]LogWindows:    1. 'NVIDIA GeForce GTX 1050' (P:0 D:1)
[2017.12.23-11.41.25:706][  0]LogWindows:    2. 'NVIDIA GeForce GTX 1050' (P:0 D:0)
[2017.12.23-11.41.25:706][  0]LogWindows:    3. 'NVIDIA GeForce GTX 1050' (P:0 D:0)
[2017.12.23-11.41.25:706][  0]LogWindows: DebugString: GetVideoDriverDetailsInvalid PrimaryIsNotTheChoosenAdapter GetVideoDriverDetailsInvalid PrimaryIsNotTheChoosenAdapter GetVideoDriverDetailsInvalid PrimaryIsNotTheChoosenAdapter GetVideoDriverDetailsInvalid PrimaryIsNotTheChoosenAdapter FoundDriverCount:0 
[2017.12.23-11.41.25:706][  0]LogD3D11RHI:     Adapter Name: NVIDIA GeForce GTX 1050
[2017.12.23-11.41.25:706][  0]LogD3D11RHI:   Driver Version: Unknown (internal:Unknown, unified:Unknown)
[2017.12.23-11.41.25:706][  0]LogD3D11RHI:      Driver Date: Unknown
[2017.12.23-11.41.25:706][  0]LogRHI: Texture pool is 1361 MB (70% of 1945 MB)
[2017.12.23-11.41.25:728][  0]LogD3D11RHI: Async texture creation enabled
[2017.12.23-11.41.25:749][  0]LogD3D11RHI: GPU Timing Frequency: 1000.000000 (Debug: 2 1)
[2017.12.23-11.41.25:751][  0]LogShaderCompilers: Guid format shader working directory is -30 characters bigger than the processId version (../../../../../../Users/Marcus/Documents/GitHub/HyperFighters2/HyperFighters2/Intermediate/Shaders/WorkingDirectory/5504/).
[2017.12.23-11.41.25:752][  0]LogShaderCompilers: Cleaned the shader compiler working directory 'C:/Users/Marcus/AppData/Local/Temp/UnrealShaderWorkingDir/9AD2482B49B321B87BEEF597CC4E4A0B/'.
[2017.12.23-11.41.25:752][  0]LogShaderCompilers: Display: Using Local Shader Compiler.
[2017.12.23-11.41.27:029][  0]LogTemp: Display: Loaded TP AllDesktopTargetPlatform
[2017.12.23-11.41.27:764][  0]LogTemp: Display: Loaded TP MacClientTargetPlatform
[2017.12.23-11.41.28:504][  0]LogTemp: Display: Loaded TP MacNoEditorTargetPlatform
[2017.12.23-11.41.28:717][  0]LogTemp: Display: Loaded TP MacServerTargetPlatform
[2017.12.23-11.41.28:887][  0]LogTemp: Display: Loaded TP MacTargetPlatform
[2017.12.23-11.41.29:061][  0]LogTemp: Display: Loaded TP WindowsClientTargetPlatform
[2017.12.23-11.41.29:235][  0]LogTemp: Display: Loaded TP WindowsNoEditorTargetPlatform
[2017.12.23-11.41.29:427][  0]LogTemp: Display: Loaded TP WindowsServerTargetPlatform
[2017.12.23-11.41.29:591][  0]LogTemp: Display: Loaded TP WindowsTargetPlatform
[2017.12.23-11.41.29:763][  0]LogTemp: Display: Loaded TP AndroidTargetPlatform
[2017.12.23-11.41.29:941][  0]LogTemp: Display: Loaded TP Android_ASTCTargetPlatform
[2017.12.23-11.41.30:116][  0]LogTemp: Display: Loaded TP Android_ATCTargetPlatform
[2017.12.23-11.41.30:341][  0]LogTemp: Display: Loaded TP Android_DXTTargetPlatform
[2017.12.23-11.41.30:520][  0]LogTemp: Display: Loaded TP Android_ETC1TargetPlatform
[2017.12.23-11.41.30:692][  0]LogTemp: Display: Loaded TP Android_ETC2TargetPlatform
[2017.12.23-11.41.31:045][  0]LogTemp: Display: Loaded TP Android_MultiTargetPlatform
[2017.12.23-11.41.31:045][  0]LogTemp: Display: Loaded TP Android_PVRTCTargetPlatform
[2017.12.23-11.41.31:216][  0]LogTemp: Display: Loaded TP HTML5TargetPlatform
[2017.12.23-11.41.31:497][  0]LogTemp: Display: Loaded TP IOSTargetPlatform
[2017.12.23-11.41.31:604][  0]LogTemp: Display: Loaded TP TVOSTargetPlatform
[2017.12.23-11.41.31:785][  0]LogTemp: Display: Loaded TP LinuxClientTargetPlatform
[2017.12.23-11.41.31:953][  0]LogTemp: Display: Loaded TP LinuxNoEditorTargetPlatform
[2017.12.23-11.41.32:124][  0]LogTemp: Display: Loaded TP LinuxServerTargetPlatform
[2017.12.23-11.41.32:295][  0]LogTemp: Display: Loaded TP LinuxTargetPlatform
[2017.12.23-11.41.32:295][  0]LogTargetPlatformManager: Display: Building Assets For Windows
[2017.12.23-11.41.34:288][  0]LogDerivedDataCache: Display: Max Cache Size: 512 MB
[2017.12.23-11.41.34:356][  0]LogDerivedDataCache: Loaded boot cache 0.07s 93MB C:/Users/Marcus/AppData/Local/UnrealEngine/4.17/DerivedDataCache/Boot.ddc.
[2017.12.23-11.41.34:356][  0]LogDerivedDataCache: Display: Loaded Boot cache: C:/Users/Marcus/AppData/Local/UnrealEngine/4.17/DerivedDataCache/Boot.ddc
[2017.12.23-11.41.34:356][  0]LogDerivedDataCache: FDerivedDataBackendGraph:  Pak pak cache file ../../../../../../Users/Marcus/Documents/GitHub/HyperFighters2/HyperFighters2/DerivedDataCache/DDC.ddp not found, will not use a pak cache.
[2017.12.23-11.41.34:356][  0]LogDerivedDataCache: Unable to find inner node Pak for hierarchical cache Hierarchy.
[2017.12.23-11.41.34:356][  0]LogDerivedDataCache: FDerivedDataBackendGraph:  CompressedPak pak cache file ../../../../../../Users/Marcus/Documents/GitHub/HyperFighters2/HyperFighters2/DerivedDataCache/Compressed.ddp not found, will not use a pak cache.
[2017.12.23-11.41.34:356][  0]LogDerivedDataCache: Unable to find inner node CompressedPak for hierarchical cache Hierarchy.
[2017.12.23-11.41.34:372][  0]LogDerivedDataCache: Display: Pak cache opened for reading ../../../Engine/DerivedDataCache/Compressed.ddp.
[2017.12.23-11.41.34:386][  0]LogDerivedDataCache: Using Local data cache path C:/Users/Marcus/AppData/Local/UnrealEngine/Common/DerivedDataCache: Writable
[2017.12.23-11.41.34:395][  0]LogMaterial: Verifying Global Shaders for PCD3D_SM5
[2017.12.23-11.41.34:395][  0]LogSlate: Using Freetype 2.6.0
[2017.12.23-11.41.34:396][  0]LogSlate: SlateFontCache - WITH_FREETYPE: 1, WITH_HARFBUZZ: 1
[2017.12.23-11.41.34:396][  0]LogSlate: SlateFontCache - WITH_FREETYPE: 1, WITH_HARFBUZZ: 1
[2017.12.23-11.41.34:712][  0]LogAssetRegistry: FAssetRegistry took 0.0273 seconds to start up
[2017.12.23-11.41.34:947][  0]LogInit: Selected Device Profile: [Windows]
[2017.12.23-11.41.35:134][  0]LogContentStreaming: Texture pool size is 0.00 MB
[2017.12.23-11.41.36:092][  0]LogSimplygon: Simplygon DLL not present - disabling.
[2017.12.23-11.41.36:254][  0]LogMeshReduction: Using SimplygonSwarm for distributed automatic mesh merging
[2017.12.23-11.41.36:254][  0]LogMeshReduction: Using QuadricMeshReduction for automatic static mesh reduction
[2017.12.23-11.41.36:254][  0]LogMeshReduction: No automatic skeletal mesh reduction module available
[2017.12.23-11.41.36:254][  0]LogMeshReduction: No automatic mesh merging module available
[2017.12.23-11.41.36:254][  0]LogMeshMerging: No automatic mesh merging module available
[2017.12.23-11.41.36:779][  0]LogNetVersion: HyperFighters2 , NetCL: 3573198, EngineNetVer: 2, GameNetVer: 0 (Checksum: 1743889662)
[2017.12.23-11.41.37:358][  0]LogPackageLocalizationCache: Processed 5 localized package path(s) for 2 prioritized culture(s) in 0.167043 seconds
[2017.12.23-11.41.37:364][  0]LogUObjectArray: 35825 objects as part of root set at end of initial load.
[2017.12.23-11.41.37:364][  0]LogUObjectAllocator: 7529104 out of 0 bytes used by permanent object pool.
[2017.12.23-11.41.37:364][  0]LogUObjectArray: CloseDisregardForGC: 0/0 objects in disregard for GC pool
[2017.12.23-11.41.37:654][  0]LogInit: WinSock: version 1.1 (2.2), MaxSocks=32767, MaxUdp=65467
[2017.12.23-11.41.44:526][  0]LogTcpMessaging: Initializing TcpMessaging bridge
[2017.12.23-11.41.44:645][  0]LogUdpMessaging: Initializing bridge on interface 0.0.0.0:0 to multicast group 230.0.0.1:6666.
[2017.12.23-11.41.47:100][  0]LogMaterial: Uniform references updated for custom material expression Custom.
[2017.12.23-11.41.48:408][  0]SourceControl: Source control is disabled
[2017.12.23-11.41.48:408][  0]SourceControl: Source control is disabled
[2017.12.23-11.41.48:584][  0]SourceControl: Source control is disabled
[2017.12.23-11.41.48:760][  0]SourceControl: Source control is disabled
[2017.12.23-11.41.50:988][  0]LogAndroidPermission: UAndroidPermissionCallbackProxy::GetInstance
[2017.12.23-11.41.51:914][  0]LogOcInput: OculusInput pre-init called
[2017.12.23-11.41.52:838][  0]LogEngine: Initializing Engine...
[2017.12.23-11.41.52:840][  0]LogHMD: Failed to initialize OpenVR with code 110
[2017.12.23-11.41.53:060][  0]LogStats: UGameplayTagsManager::ConstructGameplayTagTree: Construct from data asset -  0.000 s
[2017.12.23-11.41.53:060][  0]LogStats: UGameplayTagsManager::ConstructGameplayTagTree: GameplayTagTreeChangedEvent.Broadcast -  0.000 s
[2017.12.23-11.41.53:539][  0]LogAIModule: Creating AISystem for world Untitled
[2017.12.23-11.41.53:545][  0]LogInit: XAudio2 using 'Digital Audio (S/PDIF) (High Definition Audio Device)' : 2 channels at 44.1 kHz using 16 bits per sample (channel mask 0x3)
[2017.12.23-11.41.53:567][  0]LogInit: FAudioDevice initialized.
[2017.12.23-11.41.59:705][  0]LogDerivedDataCache: Saved boot cache 6.14s 93MB C:/Users/Marcus/AppData/Local/UnrealEngine/4.17/DerivedDataCache/Boot.ddc.
[2017.12.23-11.41.59:725][  0]LogInit: Texture streaming: Enabled
[2017.12.23-11.42.00:253][  0]LogEngineSessionManager: EngineSessionManager initialized
[2017.12.23-11.42.01:203][  0]LogInit: Transaction tracking system initialized
[2017.12.23-11.42.02:451][  0]BlueprintLog: New page: Editor Load
[2017.12.23-11.42.05:993][  0]LocalizationService: Localization service is disabled
[2017.12.23-11.42.08:713][  0]LogConsoleResponse: Display: 
[2017.12.23-11.42.09:238][  0]LogCook: Display: Max memory allowance for cook 16384mb min free memory 0mb
[2017.12.23-11.42.09:238][  0]LogCook: Display: Mobile HDR setting 1
[2017.12.23-11.42.09:238][  0]LogGameplayTags: Display: UGameplayTagsManager::DoneAddingNativeTags. DelegateIsBound: 0
[2017.12.23-11.42.10:061][  0]LogFileCache: Scanning file cache for directory 'C:/Users/Marcus/Documents/GitHub/HyperFighters2/HyperFighters2/Content/' took 0.02s
[2017.12.23-11.42.13:232][  0]SourceControl: Source control is disabled
[2017.12.23-11.42.13:232][  0]Cmd: MAP LOAD FILE="../../../../../../Users/Marcus/Documents/GitHub/HyperFighters2/HyperFighters2/Content/2DSideScrollerCPP/Maps/2DSideScrollerExampleMap.umap" TEMPLATE=0 SHOWPROGRESS=1 FEATURELEVEL=3
[2017.12.23-11.42.13:461][  0]LightingResults: New page: Lighting Build
[2017.12.23-11.42.13:673][  0]MapCheck: New page: Map Check
[2017.12.23-11.42.13:673][  0]LightingResults: New page: Lighting Build
[2017.12.23-11.42.18:722][  0]LogAIModule: Creating AISystem for world 2DSideScrollerExampleMap
[2017.12.23-11.42.19:204][  0]LogEditorServer: Destroying orphan Actor: Player 1
[2017.12.23-11.42.19:205][  0]LogEditorServer: Destroying orphan Actor: Player 2
[2017.12.23-11.42.19:205][  0]LogEditorServer: Finished looking for orphan Actors (0.000 secs)
[2017.12.23-11.42.19:454][  0]Cmd: MAP CHECKDEP NOCLEARLOG
[2017.12.23-11.42.19:639][  0]MapCheck: Map check complete: 0 Error(s), 0 Warning(s), took 185.413ms to complete.
[2017.12.23-11.42.19:639][  0]LogFileHelpers: Loading map '2DSideScrollerExampleMap' took 6.407
[2017.12.23-11.42.26:894][  0]LogCollectionManager: Loaded 0 collections in 0.002635 seconds
[2017.12.23-11.42.29:646][  0]LogFileCache: Scanning file cache for directory 'C:/Users/Marcus/Documents/GitHub/HyperFighters2/HyperFighters2/Saved/Collections/' took 0.01s
[2017.12.23-11.42.29:646][  0]LogFileCache: Scanning file cache for directory 'C:/Users/Marcus/Documents/GitHub/HyperFighters2/HyperFighters2/Content/Developers/Marcus/Collections/' took 0.01s
[2017.12.23-11.42.29:646][  0]LogFileCache: Scanning file cache for directory 'C:/Users/Marcus/Documents/GitHub/HyperFighters2/HyperFighters2/Content/Collections/' took 0.01s
[2017.12.23-11.42.29:646][  0]LogCollectionManager: Rebuilt the GUID cache for 0 collections in 0.000001 seconds
[2017.12.23-11.42.29:787][  0]LogContentBrowser: Native class hierarchy populated in 0.0695 seconds. Added 2390 classes and 504 folders.
[2017.12.23-11.42.30:509][  0]LogContentBrowser: Native class hierarchy updated for 'WidgetCarousel' in 0.0168 seconds. Added 0 classes and 0 folders.
[2017.12.23-11.42.38:272][  0]LogContentBrowser: Native class hierarchy updated for 'AddContentDialog' in 0.0039 seconds. Added 0 classes and 0 folders.
[2017.12.23-11.42.51:704][  0]LogSlate: Took 0.000534 seconds to synchronously load lazily loaded font '../../../Engine/Content/Slate/Fonts/Roboto-Regular.ttf' (155K)
[2017.12.23-11.42.51:751][  0]LogTemp: Executing iPhonePackager certificates Engine -bundlename com.YourCompany.HyperFighters2
[2017.12.23-11.42.51:751][  0]LogTemp: CWD: C:\Program Files\Epic Games\UE_4.17\Engine\Binaries\DotNET\IOS
[2017.12.23-11.42.51:751][  0]LogTemp: Initial Dir: C:\Program Files\Epic Games\UE_4.17
[2017.12.23-11.42.51:752][  0]LogTemp: Env CWD: C:\Program Files\Epic Games\UE_4.17\Engine\Binaries\DotNET\IOS
[2017.12.23-11.42.51:752][  0]LogTemp: BranchPath = MARCUSPC/C/Program Files/Epic Games/UE_4.17/Engine/Binaries --- GameBranchPath = MARCUSPC/C/Program Files/Epic Games/UE_4.17/Engine/Binaries
[2017.12.23-11.42.51:752][  0]LogTemp: IPP ERROR: Could not find provision directory 'C:\Users\Marcus\AppData\Local/Apple Computer/MobileDevice/Provisioning Profiles/'.
[2017.12.23-11.42.51:752][  0]LogSlate: Took 0.000226 seconds to synchronously load lazily loaded font '../../../Engine/Content/Slate/Fonts/Roboto-Bold.ttf' (160K)
[2017.12.23-11.42.51:797][  0]LogSlate: Took 0.024276 seconds to synchronously load lazily loaded font '../../../Engine/Content/Editor/Slate/Fonts/FontAwesome.ttf' (139K)
[2017.12.23-11.42.52:070][  0]LogRenderer: Reallocating scene render targets to support 1208x576 Format 10 NumSamples 1 (Frame:1).
[2017.12.23-11.42.52:985][  0]LogContentBrowser: Native class hierarchy updated for 'HierarchicalLODOutliner' in 0.0034 seconds. Added 1 classes and 2 folders.
[2017.12.23-11.42.52:986][  0]LogLoad: (Engine Initialization) Total time: 94.18 seconds
[2017.12.23-11.42.52:986][  0]LogLoad: (Engine Initialization) Total Blueprint compile time: 0.00 seconds
[2017.12.23-11.42.52:986][  0]LogExternalProfiler: Found external profiler: VSPerf
[2017.12.23-11.42.52:986][  0]LogExternalProfiler: Using external profiler: VSPerf
[2017.12.23-11.42.53:403][  0]LogContentStreaming: Texture pool size now 1000 MB
[2017.12.23-11.42.53:620][  0]LogSlate: Took 0.034674 seconds to synchronously load lazily loaded font '../../../Engine/Content/Slate/Fonts/Roboto-Light.ttf' (159K)
[2017.12.23-11.42.53:997][  2]LogAssetRegistry: Asset discovery search completed in 79.3075 seconds
[2017.12.23-11.42.53:999][  2]LogCollectionManager: Rebuilt the object cache for 0 collections in 0.000001 seconds (found 0 objects)
[2017.12.23-11.42.53:999][  2]LogCollectionManager: Fixed up redirectors for 0 collections in 0.000056 seconds (updated 0 objects)
[2017.12.23-12.07.11:759][787]LogSlate: Took 0.000591 seconds to synchronously load lazily loaded font '../../../Engine/Content/Slate/Fonts/Roboto-Light.ttf' (159K)
[2017.12.23-12.07.37:389][ 67]LogVSAccessor: Warning: Visual Studio is open but could not be queried - it may be blocked by a modal operation
[2017.12.23-12.07.38:182][ 68]LogVSAccessor: Warning: Visual Studio is open but could not be queried - it may be blocked by a modal operation
[2017.12.23-12.07.53:762][ 69]LogVSAccessor: Warning: Visual Studio is open but could not be queried - it may be blocked by a modal operation
[2017.12.23-12.07.55:805][ 70]LogVSAccessor: Warning: Couldn't goto line number '0' in 'C:/Users/Marcus/Documents/GitHub/HyperFighters2/HyperFighters2/Source/HyperFighters2/HyperFighters2Character.h'
[2017.12.23-12.07.55:926][ 70]LogVSAccessor: Warning: Couldn't goto line number '0' in 'C:/Users/Marcus/Documents/GitHub/HyperFighters2/HyperFighters2/Source/HyperFighters2/HyperFighters2Character.cpp'
[2017.12.23-12.35.28:214][140]LogEditorActor: Deleted Actor: BP_2DSideScrollerCharacter_C
[2017.12.23-12.35.28:248][140]LogEditorActor: Deleted 1 Actors (0.066 secs)
[2017.12.23-12.35.29:466][261]LogEditorActor: Deleted Actor: BP_2DSideScrollerCharacter_C
[2017.12.23-12.35.29:475][261]LogEditorActor: Deleted 1 Actors (0.009 secs)
[2017.12.23-12.35.31:044][449]LogTemp: Repeating last play command: Selected Viewport
[2017.12.23-12.35.31:088][449]LogBlueprintUserMessages: Early PlayInEditor Detection: Level '/Game/2DSideScrollerCPP/Maps/2DSideScrollerExampleMap.2DSideScrollerExampleMap:PersistentLevel' has LevelScriptBlueprint '/Game/2DSideScrollerCPP/Maps/2DSideScrollerExampleMap.2DSideScrollerExampleMap:PersistentLevel.2DSideScrollerExampleMap' with GeneratedClass '/Game/2DSideScrollerCPP/Maps/2DSideScrollerExampleMap.2DSideScrollerExampleMap_C' with ClassGeneratedBy '/Game/2DSideScrollerCPP/Maps/2DSideScrollerExampleMap.2DSideScrollerExampleMap:PersistentLevel.2DSideScrollerExampleMap'
[2017.12.23-12.35.31:089][449]LogPlayLevel: PlayLevel: No blueprints needed recompiling
[2017.12.23-12.35.31:120][449]PIE: New page: PIE session: 2DSideScrollerExampleMap (23 Dec 2017 12:35:31)
[2017.12.23-12.35.31:120][449]LogPlayLevel: Creating play world package: /Game/2DSideScrollerCPP/Maps/UEDPIE_0_2DSideScrollerExampleMap
[2017.12.23-12.35.31:166][449]LogPlayLevel: PIE: StaticDuplicateObject took: (0.046080s)
[2017.12.23-12.35.31:166][449]LogAIModule: Creating AISystem for world 2DSideScrollerExampleMap
[2017.12.23-12.35.31:167][449]LogPlayLevel: PIE: World Init took: (0.000739s)
[2017.12.23-12.35.31:167][449]LogPlayLevel: PIE: Created PIE world by copying editor world from /Game/2DSideScrollerCPP/Maps/2DSideScrollerExampleMap.2DSideScrollerExampleMap to /Game/2DSideScrollerCPP/Maps/UEDPIE_0_2DSideScrollerExampleMap.2DSideScrollerExampleMap (0.047132s)
[2017.12.23-12.35.31:178][449]LogInit: XAudio2 using 'Digital Audio (S/PDIF) (High Definition Audio Device)' : 2 channels at 44.1 kHz using 16 bits per sample (channel mask 0x3)
[2017.12.23-12.35.31:185][449]LogInit: FAudioDevice initialized.
[2017.12.23-12.35.31:242][449]LogLoad: Game class is 'HyperFighters2GameMode'
[2017.12.23-12.35.31:298][449]LogWorld: Bringing World /Game/2DSideScrollerCPP/Maps/UEDPIE_0_2DSideScrollerExampleMap.2DSideScrollerExampleMap up for play (max tick rate 0) at 2017.12.23-12.35.31
[2017.12.23-12.35.31:360][449]LogWorld: Bringing up level for play took: 0.062911
[2017.12.23-12.35.31:606][449]LogContentBrowser: Native class hierarchy updated for 'MovieSceneCapture' in 0.0031 seconds. Added 11 classes and 0 folders.
[2017.12.23-12.35.31:636][449]PIE: Play in editor start time for /Game/2DSideScrollerCPP/Maps/UEDPIE_0_2DSideScrollerExampleMap 0.506
[2017.12.23-12.35.31:636][449]LogBlueprintUserMessages: Late PlayInEditor Detection: Level '/Game/2DSideScrollerCPP/Maps/2DSideScrollerExampleMap.2DSideScrollerExampleMap:PersistentLevel' has LevelScriptBlueprint '/Game/2DSideScrollerCPP/Maps/2DSideScrollerExampleMap.2DSideScrollerExampleMap:PersistentLevel.2DSideScrollerExampleMap' with GeneratedClass '/Game/2DSideScrollerCPP/Maps/2DSideScrollerExampleMap.2DSideScrollerExampleMap_C' with ClassGeneratedBy '/Game/2DSideScrollerCPP/Maps/2DSideScrollerExampleMap.2DSideScrollerExampleMap:PersistentLevel.2DSideScrollerExampleMap'
[2017.12.23-12.35.33:129][618]LogBlueprintUserMessages: Early EndPlayMap Detection: Level '/Game/2DSideScrollerCPP/Maps/2DSideScrollerExampleMap.2DSideScrollerExampleMap:PersistentLevel' has LevelScriptBlueprint '/Game/2DSideScrollerCPP/Maps/2DSideScrollerExampleMap.2DSideScrollerExampleMap:PersistentLevel.2DSideScrollerExampleMap' with GeneratedClass '/Game/2DSideScrollerCPP/Maps/2DSideScrollerExampleMap.2DSideScrollerExampleMap_C' with ClassGeneratedBy '/Game/2DSideScrollerCPP/Maps/2DSideScrollerExampleMap.2DSideScrollerExampleMap:PersistentLevel.2DSideScrollerExampleMap'
[2017.12.23-12.35.33:173][618]LogBlueprintUserMessages: Late EndPlayMap Detection: Level '/Game/2DSideScrollerCPP/Maps/2DSideScrollerExampleMap.2DSideScrollerExampleMap:PersistentLevel' has LevelScriptBlueprint '/Game/2DSideScrollerCPP/Maps/2DSideScrollerExampleMap.2DSideScrollerExampleMap:PersistentLevel.2DSideScrollerExampleMap' with GeneratedClass '/Game/2DSideScrollerCPP/Maps/2DSideScrollerExampleMap.2DSideScrollerExampleMap_C' with ClassGeneratedBy '/Game/2DSideScrollerCPP/Maps/2DSideScrollerExampleMap.2DSideScrollerExampleMap:PersistentLevel.2DSideScrollerExampleMap'
[2017.12.23-12.35.34:037][715]Candidate modules for hot reload:
[2017.12.23-12.35.34:037][715]  HyperFighters2
[2017.12.23-12.35.34:038][715]Launching UnrealBuildTool... [C:/Program Files/Epic Games/UE_4.17/Engine/Binaries/DotNET/UnrealBuildTool.exe HyperFighters2 -ModuleWithSuffix HyperFighters2 8564 Win64 Development -editorrecompile -canskiplink "C:/Users/Marcus/Documents/GitHub/HyperFighters2/HyperFighters2/HyperFighters2.uproject" ]
[2017.12.23-12.35.34:044][715]Warning: Starting HotReload took  0.0s.
[2017.12.23-12.36.10:109][ 30]LogEditorViewport: Clicking on Actor (context menu): PaperSpriteActor (Background_Sprite)
[2017.12.23-12.36.29:263][289]LogSlate: Took 0.000281 seconds to synchronously load lazily loaded font '../../../Engine/Content/Slate/Fonts/Roboto-Light.ttf' (159K)
[2017.12.23-12.36.40:818][359]LogSlate: Took 0.000242 seconds to synchronously load lazily loaded font '../../../Engine/Content/Slate/Fonts/Roboto-Regular.ttf' (155K)
[2017.12.23-12.36.41:412][359]LogSavePackage: Save=2539.10ms
[2017.12.23-12.36.41:412][359]LogSavePackage: Moving '../../../../../../Users/Marcus/Documents/GitHub/HyperFighters2/HyperFighters2/Saved/2DSideScrollerExampleMap_Auto1FE6CF4E24013817AE657A48E5CCDF925.tmp' to '../../../../../../Users/Marcus/Documents/GitHub/HyperFighters2/HyperFighters2/Saved/Autosaves/Game/2DSideScrollerCPP/Maps/2DSideScrollerExampleMap_Auto1.umap'
[2017.12.23-12.36.41:420][359]LogSavePackage: Display: Finished SavePackage ../../../../../../Users/Marcus/Documents/GitHub/HyperFighters2/HyperFighters2/Saved/Autosaves/Game/2DSideScrollerCPP/Maps/2DSideScrollerExampleMap_Auto1.umap
[2017.12.23-12.36.41:426][359]LogFileHelpers: Editor autosave (incl. sublevels) for '/Game/2DSideScrollerCPP/Maps/2DSideScrollerExampleMap' took 3.180
[2017.12.23-12.36.41:426][359]LogFileHelpers: Editor autosave (incl. sublevels) for all levels took 3.180
[2017.12.23-12.37.49:852][566]CompilerResultsLog: New page: Compilation - 23 Dec 2017 12:37:49
[2017.12.23-12.37.49:853][566]CompilerResultsLog: Compiling game modules for hot reload
[2017.12.23-12.37.49:853][566]CompilerResultsLog: Parsing headers for HyperFighters2Editor
[2017.12.23-12.37.49:853][566]CompilerResultsLog:   Running UnrealHeaderTool "C:\Users\Marcus\Documents\GitHub\HyperFighters2\HyperFighters2\HyperFighters2.uproject" "C:\Users\Marcus\Documents\GitHub\HyperFighters2\HyperFighters2\Intermediate\Build\Win64\HyperFighters2Editor\Development\HyperFighters2Editor.uhtmanifest" -LogCmds="loginit warning, logexit warning, logdatabase error" -Unattended -WarningsAsErrors -installed
[2017.12.23-12.37.49:853][566]CompilerResultsLog: Reflection code generated for HyperFighters2Editor in 11.4752084 seconds
[2017.12.23-12.37.49:853][566]CompilerResultsLog: Performing 5 actions (4 in parallel)
[2017.12.23-12.37.49:853][566]CompilerResultsLog: CharicterController.gen.cpp
[2017.12.23-12.37.49:853][566]CompilerResultsLog: CharicterController.cpp
[2017.12.23-12.37.49:853][566]CompilerResultsLog: HyperFighters2.init.gen.cpp
[2017.12.23-12.37.49:853][566]CompilerResultsLog: Error: C:\Users\Marcus\Documents\GitHub\HyperFighters2\HyperFighters2\Source\HyperFighters2\CharicterController.cpp(53) : error C2374: 'SpawnVector': redefinition; multiple initialization
[2017.12.23-12.37.49:853][566]CompilerResultsLog: Error: C:\Users\Marcus\Documents\GitHub\HyperFighters2\HyperFighters2\Source\HyperFighters2\CharicterController.cpp(48) : note: see declaration of 'SpawnVector'
[2017.12.23-12.37.49:853][566]CompilerResultsLog: ERROR: UBT ERROR: Failed to produce item: C:\Users\Marcus\Documents\GitHub\HyperFighters2\HyperFighters2\Binaries\Win64\UE4Editor-HyperFighters2-8564.dll
[2017.12.23-12.37.49:853][566]CompilerResultsLog: Total build time: 135.41 seconds (Local executor: 0.00 seconds)
[2017.12.23-12.37.49:853][566]LogMainFrame: MainFrame: Module compiling took 135.831 seconds
[2017.12.23-12.37.49:853][566]Warning: HotReload failed, recompile failed
[2017.12.23-12.38.16:656][175]Candidate modules for hot reload:
[2017.12.23-12.38.16:656][175]  HyperFighters2
[2017.12.23-12.38.16:656][175]Launching UnrealBuildTool... [C:/Program Files/Epic Games/UE_4.17/Engine/Binaries/DotNET/UnrealBuildTool.exe HyperFighters2 -ModuleWithSuffix HyperFighters2 7702 Win64 Development -editorrecompile -canskiplink "C:/Users/Marcus/Documents/GitHub/HyperFighters2/HyperFighters2/HyperFighters2.uproject" ]
[2017.12.23-12.38.16:661][175]Warning: Starting HotReload took  0.0s.
[2017.12.23-12.38.45:084][564]CompilerResultsLog: New page: Compilation - 23 Dec 2017 12:38:45
[2017.12.23-12.38.45:084][564]CompilerResultsLog: Compiling game modules for hot reload
[2017.12.23-12.38.45:084][564]CompilerResultsLog: Parsing headers for HyperFighters2Editor
[2017.12.23-12.38.45:084][564]CompilerResultsLog:   Running UnrealHeaderTool "C:\Users\Marcus\Documents\GitHub\HyperFighters2\HyperFighters2\HyperFighters2.uproject" "C:\Users\Marcus\Documents\GitHub\HyperFighters2\HyperFighters2\Intermediate\Build\Win64\HyperFighters2Editor\Development\HyperFighters2Editor.uhtmanifest" -LogCmds="loginit warning, logexit warning, logdatabase error" -Unattended -WarningsAsErrors -installed
[2017.12.23-12.38.45:084][564]CompilerResultsLog: Reflection code generated for HyperFighters2Editor in 10.2441417 seconds
[2017.12.23-12.38.45:084][564]CompilerResultsLog: Performing 3 actions (4 in parallel)
[2017.12.23-12.38.45:084][564]CompilerResultsLog: CharicterController.cpp
[2017.12.23-12.38.45:084][564]CompilerResultsLog: [2/3] Link UE4Editor-HyperFighters2-7702.dll
[2017.12.23-12.38.45:085][564]CompilerResultsLog: [3/3] Link UE4Editor-HyperFighters2-7702.lib
[2017.12.23-12.38.45:085][564]CompilerResultsLog:    Creating library C:\Users\Marcus\Documents\GitHub\HyperFighters2\HyperFighters2\Intermediate\Build\Win64\UE4Editor\Development\UE4Editor-HyperFighters2-7702.lib and object C:\Users\Marcus\Documents\GitHub\HyperFighters2\HyperFighters2\Intermediate\Build\Win64\UE4Editor\Development\UE4Editor-HyperFighters2-7702.exp
[2017.12.23-12.38.45:085][564]CompilerResultsLog:    Creating library C:\Users\Marcus\Documents\GitHub\HyperFighters2\HyperFighters2\Intermediate\Build\Win64\UE4Editor\Development\UE4Editor-HyperFighters2-7702.suppressed.lib and object C:\Users\Marcus\Documents\GitHub\HyperFighters2\HyperFighters2\Intermediate\Build\Win64\UE4Editor\Development\UE4Editor-HyperFighters2-7702.suppressed.exp
[2017.12.23-12.38.45:085][564]CompilerResultsLog: Total build time: 28.17 seconds (Local executor: 6.08 seconds)
[2017.12.23-12.38.45:085][564]LogMainFrame: MainFrame: Module compiling took 28.435 seconds
[2017.12.23-12.38.45:250][564]LogClass: Could not find existing class CharicterController in package /Script/HyperFighters2 for HotReload, assuming new class
[2017.12.23-12.38.47:042][564]LogWindows: Error: === Critical error: ===
[2017.12.23-12.38.47:042][564]LogWindows: Error: 
[2017.12.23-12.38.47:042][564]LogWindows: Error: Fatal error!
[2017.12.23-12.38.47:042][564]LogWindows: Error: 
[2017.12.23-12.38.47:042][564]LogWindows: Error: Unhandled Exception: EXCEPTION_ACCESS_VIOLATION reading address 0x00000178
[2017.12.23-12.38.47:042][564]LogWindows: Error: 
[2017.12.23-12.38.47:042][564]LogWindows: Error: UE4Editor-Engine.dll!0x000000008E285C9D
[2017.12.23-12.38.47:042][564]LogWindows: Error: UE4Editor-Engine.dll!0x000000008E2873F7
[2017.12.23-12.38.47:042][564]LogWindows: Error: UE4Editor-HyperFighters2-7702.dll!ACharicterController::ACharicterController() [c:\users\marcus\documents\github\hyperfighters2\hyperfighters2\source\hyperfighters2\charictercontroller.cpp:51]
[2017.12.23-12.38.47:042][564]LogWindows: Error: UE4Editor-CoreUObject.dll!0x000000009587A182
[2017.12.23-12.38.47:042][564]LogWindows: Error: UE4Editor-CoreUObject.dll!0x0000000095AE33DB
[2017.12.23-12.38.47:042][564]LogWindows: Error: UE4Editor-CoreUObject.dll!0x0000000095AC6E03
[2017.12.23-12.38.47:042][564]LogWindows: Error: UE4Editor-CoreUObject.dll!0x000000009587BE97
[2017.12.23-12.38.47:042][564]LogWindows: Error: UE4Editor-Core.dll!0x000000008C2D8220
[2017.12.23-12.38.47:042][564]LogWindows: Error: UE4Editor-Core.dll!0x000000008C5268D0
[2017.12.23-12.38.47:042][564]LogWindows: Error: UE4Editor-Core.dll!0x000000008C525BE3
[2017.12.23-12.38.47:042][564]LogWindows: Error: UE4Editor-HotReload.dll!0x000000007197275E
[2017.12.23-12.38.47:042][564]LogWindows: Error: UE4Editor-HotReload.dll!0x000000007196FD54
[2017.12.23-12.38.47:042][564]LogWindows: Error: UE4Editor-HotReload.dll!0x0000000071970720
[2017.12.23-12.38.47:042][564]LogWindows: Error: UE4Editor-HotReload.dll!0x0000000071982C1B
[2017.12.23-12.38.47:042][564]LogWindows: Error: UE4Editor-UnrealEd.dll!0x000000008AE4B19E
[2017.12.23-12.38.47:042][564]LogWindows: Error: UE4Editor-UnrealEd.dll!0x000000008B6DD646
[2017.12.23-12.38.47:042][564]LogWindows: Error: UE4Editor.exe!0x000000007258534A
[2017.12.23-12.38.47:042][564]LogWindows: Error: UE4Editor.exe!0x0000000072593970
[2017.12.23-12.38.47:042][564]LogWindows: Error: UE4Editor.exe!0x00000000725939EA
[2017.12.23-12.38.47:042][564]LogWindows: Error: UE4Editor.exe!0x00000000725A02D9
[2017.12.23-12.38.47:042][564]LogWindows: Error: UE4Editor.exe!0x00000000725A1C47
[2017.12.23-12.38.47:042][564]LogWindows: Error: KERNEL32.DLL!0x00000000CB741FE4
[2017.12.23-12.38.47:042][564]LogWindows: Error: ntdll.dll!0x00000000CB87EF91
[2017.12.23-12.38.47:042][564]LogWindows: Error: ntdll.dll!0x00000000CB87EF91
[2017.12.23-12.38.47:042][564]LogWindows: Error: 
[2017.12.23-12.38.47:051][564]LogExit: Executing StaticShutdownAfterError
[2017.12.23-12.38.47:054][564]LogWindows: FPlatformMisc::RequestExit(1)
[2017.12.23-12.38.47:054][564]Log file closed, 12/23/17 12:38:47
